# JRE version: OpenJDK Runtime Environment Temurin-21.0.11+10 (21.0.11+10) (build 21.0.11+10-LTS)
# Java VM: OpenJDK 64-Bit Server VM Temurin-21.0.11+10 (21.0.11+10-LTS, mixed mode, sharing, tiered, compressed oops, compressed class ptrs, parallel gc, windows-amd64)
GC Precious Log:
 CardTable entry size: 512
 CPUs: 12 total, 12 available
 Memory: 15773M
 Large Page Support: Disabled
 NUMA Support: Disabled
 Compressed Oops: Enabled (32-bit)
 Alignments: Space 512K, Generation 512K, Heap 2M
 Heap Min Capacity: 100M
 Heap Initial Capacity: 100M
 Heap Max Capacity: 2G
 Pre-touch: Disabled
 Parallel Workers: 10
Heap:
 PSYoungGen      total 7680K, used 4701K [0x00000000d5580000, 0x00000000d6780000, 0x0000000100000000)
  eden space 6144K, 57% used [0x00000000d5580000,0x00000000d58ef5b8,0x00000000d5b80000)
  from space 1536K, 77% used [0x00000000d6180000,0x00000000d62a8020,0x00000000d6300000)
  to   space 2560K, 0% used [0x00000000d6500000,0x00000000d6500000,0x00000000d6780000)
 ParOldGen       total 122880K, used 122606K [0x0000000080000000, 0x0000000087800000, 0x00000000d5580000)
  object space 122880K, 99% used [0x0000000080000000,0x00000000877bb990,0x0000000087800000)
 Metaspace       used 62590K, committed 64000K, reserved 1114112K
  class space    used 6681K, committed 7296K, reserved 1048576K
GC Heap History (20 events):
Event: 23.387 GC heap before
{Heap before GC invocations=39 (full 3):
 PSYoungGen      total 18432K, used 17920K [0x00000000d5580000, 0x00000000d6a00000, 0x0000000100000000)
  eden space 17920K, 100% used [0x00000000d5580000,0x00000000d6700000,0x00000000d6700000)
  from space 512K, 0% used [0x00000000d6700000,0x00000000d6700000,0x00000000d6780000)
  to   space 1024K, 0% used [0x00000000d6900000,0x00000000d6900000,0x00000000d6a00000)
 ParOldGen       total 68608K, used 41351K [0x0000000080000000, 0x0000000084300000, 0x00000000d5580000)
  object space 68608K, 60% used [0x0000000080000000,0x0000000082861ea8,0x0000000084300000)
 Metaspace       used 60133K, committed 61504K, reserved 1114112K
  class space    used 6475K, committed 7040K, reserved 1048576K
}
Event: 23.389 GC heap after
{Heap after GC invocations=39 (full 3):
 PSYoungGen      total 17408K, used 1022K [0x00000000d5580000, 0x00000000d6e00000, 0x0000000100000000)
  eden space 16384K, 0% used [0x00000000d5580000,0x00000000d5580000,0x00000000d6580000)
  from space 1024K, 99% used [0x00000000d6900000,0x00000000d69ffba0,0x00000000d6a00000)
  to   space 3584K, 0% used [0x00000000d6580000,0x00000000d6580000,0x00000000d6900000)
 ParOldGen       total 68608K, used 43305K [0x0000000080000000, 0x0000000084300000, 0x00000000d5580000)
  object space 68608K, 63% used [0x0000000080000000,0x0000000082a4a648,0x0000000084300000)
 Metaspace       used 60133K, committed 61504K, reserved 1114112K
  class space    used 6475K, committed 7040K, reserved 1048576K
}
Event: 23.530 GC heap before
{Heap before GC invocations=40 (full 3):
 PSYoungGen      total 17408K, used 17096K [0x00000000d5580000, 0x00000000d6e00000, 0x0000000100000000)
  eden space 16384K, 98% used [0x00000000d5580000,0x00000000d65325d8,0x00000000d6580000)
  from space 1024K, 99% used [0x00000000d6900000,0x00000000d69ffba0,0x00000000d6a00000)
  to   space 3584K, 0% used [0x00000000d6580000,0x00000000d6580000,0x00000000d6900000)
 ParOldGen       total 68608K, used 43305K [0x0000000080000000, 0x0000000084300000, 0x00000000d5580000)
  object space 68608K, 63% used [0x0000000080000000,0x0000000082a4a648,0x0000000084300000)
 Metaspace       used 60775K, committed 62208K, reserved 1114112K
  class space    used 6526K, committed 7168K, reserved 1048576K
}
Event: 23.532 GC heap after
{Heap after GC invocations=40 (full 3):
 PSYoungGen      total 19456K, used 2952K [0x00000000d5580000, 0x00000000d6b80000, 0x0000000100000000)
  eden space 16384K, 0% used [0x00000000d5580000,0x00000000d5580000,0x00000000d6580000)
  from space 3072K, 96% used [0x00000000d6580000,0x00000000d6862190,0x00000000d6880000)
  to   space 3072K, 0% used [0x00000000d6880000,0x00000000d6880000,0x00000000d6b80000)
 ParOldGen       total 68608K, used 45565K [0x0000000080000000, 0x0000000084300000, 0x00000000d5580000)
  object space 68608K, 66% used [0x0000000080000000,0x0000000082c7f768,0x0000000084300000)
 Metaspace       used 60775K, committed 62208K, reserved 1114112K
  class space    used 6526K, committed 7168K, reserved 1048576K
}
Event: 23.571 GC heap before
{Heap before GC invocations=41 (full 3):
 PSYoungGen      total 19456K, used 19336K [0x00000000d5580000, 0x00000000d6b80000, 0x0000000100000000)
  eden space 16384K, 100% used [0x00000000d5580000,0x00000000d6580000,0x00000000d6580000)
  from space 3072K, 96% used [0x00000000d6580000,0x00000000d6862190,0x00000000d6880000)
  to   space 3072K, 0% used [0x00000000d6880000,0x00000000d6880000,0x00000000d6b80000)
 ParOldGen       total 79872K, used 71895K [0x0000000080000000, 0x0000000084e00000, 0x00000000d5580000)
  object space 79872K, 90% used [0x0000000080000000,0x0000000084635d18,0x0000000084e00000)
 Metaspace       used 61162K, committed 62528K, reserved 1114112K
  class space    used 6562K, committed 7168K, reserved 1048576K
}
Event: 23.571 GC heap after
{Heap after GC invocations=41 (full 3):
 PSYoungGen      total 16896K, used 320K [0x00000000d5580000, 0x00000000d6900000, 0x0000000100000000)
  eden space 16384K, 0% used [0x00000000d5580000,0x00000000d5580000,0x00000000d6580000)
  from space 512K, 62% used [0x00000000d6880000,0x00000000d68d0000,0x00000000d6900000)
  to   space 1536K, 0% used [0x00000000d6600000,0x00000000d6600000,0x00000000d6780000)
 ParOldGen       total 79872K, used 73260K [0x0000000080000000, 0x0000000084e00000, 0x00000000d5580000)
  object space 79872K, 91% used [0x0000000080000000,0x000000008478b3d0,0x0000000084e00000)
 Metaspace       used 61162K, committed 62528K, reserved 1114112K
  class space    used 6562K, committed 7168K, reserved 1048576K
}
Event: 23.593 GC heap before
{Heap before GC invocations=42 (full 3):
 PSYoungGen      total 16896K, used 16704K [0x00000000d5580000, 0x00000000d6900000, 0x0000000100000000)
  eden space 16384K, 100% used [0x00000000d5580000,0x00000000d6580000,0x00000000d6580000)
  from space 512K, 62% used [0x00000000d6880000,0x00000000d68d0000,0x00000000d6900000)
  to   space 1536K, 0% used [0x00000000d6600000,0x00000000d6600000,0x00000000d6780000)
 ParOldGen       total 79872K, used 73260K [0x0000000080000000, 0x0000000084e00000, 0x00000000d5580000)
  object space 79872K, 91% used [0x0000000080000000,0x000000008478b3d0,0x0000000084e00000)
 Metaspace       used 61440K, committed 62848K, reserved 1114112K
  class space    used 6582K, committed 7232K, reserved 1048576K
}
Event: 23.600 GC heap after
{Heap after GC invocations=42 (full 3):
 PSYoungGen      total 17920K, used 1516K [0x00000000d5580000, 0x00000000d8580000, 0x0000000100000000)
  eden space 16384K, 0% used [0x00000000d5580000,0x00000000d5580000,0x00000000d6580000)
  from space 1536K, 98% used [0x00000000d6600000,0x00000000d677b0d8,0x00000000d6780000)
  to   space 16384K, 0% used [0x00000000d7580000,0x00000000d7580000,0x00000000d8580000)
 ParOldGen       total 91136K, used 85654K [0x0000000080000000, 0x0000000085900000, 0x00000000d5580000)
  object space 91136K, 93% used [0x0000000080000000,0x00000000853a5970,0x0000000085900000)
 Metaspace       used 61440K, committed 62848K, reserved 1114112K
  class space    used 6582K, committed 7232K, reserved 1048576K
}
Event: 23.646 GC heap before
{Heap before GC invocations=43 (full 3):
 PSYoungGen      total 17920K, used 17900K [0x00000000d5580000, 0x00000000d8580000, 0x0000000100000000)
  eden space 16384K, 100% used [0x00000000d5580000,0x00000000d6580000,0x00000000d6580000)
  from space 1536K, 98% used [0x00000000d6600000,0x00000000d677b0d8,0x00000000d6780000)
  to   space 16384K, 0% used [0x00000000d7580000,0x00000000d7580000,0x00000000d8580000)
 ParOldGen       total 91136K, used 85654K [0x0000000080000000, 0x0000000085900000, 0x00000000d5580000)
  object space 91136K, 93% used [0x0000000080000000,0x00000000853a5970,0x0000000085900000)
 Metaspace       used 61761K, committed 63168K, reserved 1114112K
  class space    used 6629K, committed 7232K, reserved 1048576K
}
Event: 23.652 GC heap after
{Heap after GC invocations=43 (full 3):
 PSYoungGen      total 26112K, used 9464K [0x00000000d5580000, 0x00000000d7f00000, 0x0000000100000000)
  eden space 16384K, 0% used [0x00000000d5580000,0x00000000d5580000,0x00000000d6580000)
  from space 9728K, 97% used [0x00000000d7580000,0x00000000d7ebe0d8,0x00000000d7f00000)
  to   space 11264K, 0% used [0x00000000d6900000,0x00000000d6900000,0x00000000d7400000)
 ParOldGen       total 91136K, used 87014K [0x0000000080000000, 0x0000000085900000, 0x00000000d5580000)
  object space 91136K, 95% used [0x0000000080000000,0x00000000854f9970,0x0000000085900000)
 Metaspace       used 61761K, committed 63168K, reserved 1114112K
  class space    used 6629K, committed 7232K, reserved 1048576K
}
Event: 23.691 GC heap before
{Heap before GC invocations=44 (full 3):
 PSYoungGen      total 26112K, used 25848K [0x00000000d5580000, 0x00000000d7f00000, 0x0000000100000000)
  eden space 16384K, 100% used [0x00000000d5580000,0x00000000d6580000,0x00000000d6580000)
  from space 9728K, 97% used [0x00000000d7580000,0x00000000d7ebe0d8,0x00000000d7f00000)
  to   space 11264K, 0% used [0x00000000d6900000,0x00000000d6900000,0x00000000d7400000)
 ParOldGen       total 91136K, used 87014K [0x0000000080000000, 0x0000000085900000, 0x00000000d5580000)
  object space 91136K, 95% used [0x0000000080000000,0x00000000854f9970,0x0000000085900000)
 Metaspace       used 62044K, committed 63488K, reserved 1114112K
  class space    used 6651K, committed 7296K, reserved 1048576K
}
Event: 23.701 GC heap after
{Heap after GC invocations=44 (full 3):
 PSYoungGen      total 23040K, used 6656K [0x00000000d5580000, 0x00000000d7600000, 0x0000000100000000)
  eden space 16384K, 0% used [0x00000000d5580000,0x00000000d5580000,0x00000000d6580000)
  from space 6656K, 100% used [0x00000000d6900000,0x00000000d6f80000,0x00000000d6f80000)
  to   space 6656K, 0% used [0x00000000d6f80000,0x00000000d6f80000,0x00000000d7600000)
 ParOldGen       total 96768K, used 96302K [0x0000000080000000, 0x0000000085e80000, 0x00000000d5580000)
  object space 96768K, 99% used [0x0000000080000000,0x0000000085e0b970,0x0000000085e80000)
 Metaspace       used 62044K, committed 63488K, reserved 1114112K
  class space    used 6651K, committed 7296K, reserved 1048576K
}
Event: 23.773 GC heap before
{Heap before GC invocations=45 (full 3):
 PSYoungGen      total 23040K, used 23040K [0x00000000d5580000, 0x00000000d7600000, 0x0000000100000000)
  eden space 16384K, 100% used [0x00000000d5580000,0x00000000d6580000,0x00000000d6580000)
  from space 6656K, 100% used [0x00000000d6900000,0x00000000d6f80000,0x00000000d6f80000)
  to   space 6656K, 0% used [0x00000000d6f80000,0x00000000d6f80000,0x00000000d7600000)
 ParOldGen       total 96768K, used 96302K [0x0000000080000000, 0x0000000085e80000, 0x00000000d5580000)
  object space 96768K, 99% used [0x0000000080000000,0x0000000085e0b970,0x0000000085e80000)
 Metaspace       used 62044K, committed 63488K, reserved 1114112K
  class space    used 6651K, committed 7296K, reserved 1048576K
}
Event: 23.782 GC heap after
{Heap after GC invocations=45 (full 3):
 PSYoungGen      total 12800K, used 6656K [0x00000000d5580000, 0x00000000d8d80000, 0x0000000100000000)
  eden space 6144K, 0% used [0x00000000d5580000,0x00000000d5580000,0x00000000d5b80000)
  from space 6656K, 100% used [0x00000000d6f80000,0x00000000d7600000,0x00000000d7600000)
  to   space 20480K, 0% used [0x00000000d5b80000,0x00000000d5b80000,0x00000000d6f80000)
 ParOldGen       total 108032K, used 107726K [0x0000000080000000, 0x0000000086980000, 0x00000000d5580000)
  object space 108032K, 99% used [0x0000000080000000,0x0000000086933970,0x0000000086980000)
 Metaspace       used 62044K, committed 63488K, reserved 1114112K
  class space    used 6651K, committed 7296K, reserved 1048576K
}
Event: 23.800 GC heap before
{Heap before GC invocations=46 (full 3):
 PSYoungGen      total 12800K, used 12800K [0x00000000d5580000, 0x00000000d8d80000, 0x0000000100000000)
  eden space 6144K, 100% used [0x00000000d5580000,0x00000000d5b80000,0x00000000d5b80000)
  from space 6656K, 100% used [0x00000000d6f80000,0x00000000d7600000,0x00000000d7600000)
  to   space 20480K, 0% used [0x00000000d5b80000,0x00000000d5b80000,0x00000000d6f80000)
 ParOldGen       total 108032K, used 107726K [0x0000000080000000, 0x0000000086980000, 0x00000000d5580000)
  object space 108032K, 99% used [0x0000000080000000,0x0000000086933970,0x0000000086980000)
 Metaspace       used 62193K, committed 63616K, reserved 1114112K
  class space    used 6658K, committed 7296K, reserved 1048576K
}
Event: 23.805 GC heap after
{Heap after GC invocations=46 (full 3):
 PSYoungGen      total 10240K, used 3968K [0x00000000d5580000, 0x00000000d7000000, 0x0000000100000000)
  eden space 6144K, 0% used [0x00000000d5580000,0x00000000d5580000,0x00000000d5b80000)
  from space 4096K, 96% used [0x00000000d5b80000,0x00000000d5f60020,0x00000000d5f80000)
  to   space 9216K, 0% used [0x00000000d6700000,0x00000000d6700000,0x00000000d7000000)
 ParOldGen       total 114688K, used 114454K [0x0000000080000000, 0x0000000087000000, 0x00000000d5580000)
  object space 114688K, 99% used [0x0000000080000000,0x0000000086fc5970,0x0000000087000000)
 Metaspace       used 62193K, committed 63616K, reserved 1114112K
  class space    used 6658K, committed 7296K, reserved 1048576K
}
Event: 23.828 GC heap before
{Heap before GC invocations=47 (full 3):
 PSYoungGen      total 10240K, used 10112K [0x00000000d5580000, 0x00000000d7000000, 0x0000000100000000)
  eden space 6144K, 100% used [0x00000000d5580000,0x00000000d5b80000,0x00000000d5b80000)
  from space 4096K, 96% used [0x00000000d5b80000,0x00000000d5f60020,0x00000000d5f80000)
  to   space 9216K, 0% used [0x00000000d6700000,0x00000000d6700000,0x00000000d7000000)
 ParOldGen       total 114688K, used 114454K [0x0000000080000000, 0x0000000087000000, 0x00000000d5580000)
  object space 114688K, 99% used [0x0000000080000000,0x0000000086fc5970,0x0000000087000000)
 Metaspace       used 62193K, committed 63616K, reserved 1114112K
  class space    used 6658K, committed 7296K, reserved 1048576K
}
Event: 23.832 GC heap after
{Heap after GC invocations=47 (full 3):
 PSYoungGen      total 10752K, used 4416K [0x00000000d5580000, 0x00000000d6b80000, 0x0000000100000000)
  eden space 6144K, 0% used [0x00000000d5580000,0x00000000d5580000,0x00000000d5b80000)
  from space 4608K, 95% used [0x00000000d6700000,0x00000000d6b50000,0x00000000d6b80000)
  to   space 5120K, 0% used [0x00000000d6180000,0x00000000d6180000,0x00000000d6680000)
 ParOldGen       total 118272K, used 118254K [0x0000000080000000, 0x0000000087380000, 0x00000000d5580000)
  object space 118272K, 99% used [0x0000000080000000,0x000000008737b990,0x0000000087380000)
 Metaspace       used 62193K, committed 63616K, reserved 1114112K
  class space    used 6658K, committed 7296K, reserved 1048576K
}
Event: 28.197 GC heap before
{Heap before GC invocations=48 (full 3):
 PSYoungGen      total 10752K, used 10560K [0x00000000d5580000, 0x00000000d6b80000, 0x0000000100000000)
  eden space 6144K, 100% used [0x00000000d5580000,0x00000000d5b80000,0x00000000d5b80000)
  from space 4608K, 95% used [0x00000000d6700000,0x00000000d6b50000,0x00000000d6b80000)
  to   space 5120K, 0% used [0x00000000d6180000,0x00000000d6180000,0x00000000d6680000)
 ParOldGen       total 118272K, used 118254K [0x0000000080000000, 0x0000000087380000, 0x00000000d5580000)
  object space 118272K, 99% used [0x0000000080000000,0x000000008737b990,0x0000000087380000)
 Metaspace       used 62432K, committed 63872K, reserved 1114112K
  class space    used 6678K, committed 7296K, reserved 1048576K
}
Event: 28.201 GC heap after
{Heap after GC invocations=48 (full 3):
 PSYoungGen      total 7680K, used 1184K [0x00000000d5580000, 0x00000000d6780000, 0x0000000100000000)
  eden space 6144K, 0% used [0x00000000d5580000,0x00000000d5580000,0x00000000d5b80000)
  from space 1536K, 77% used [0x00000000d6180000,0x00000000d62a8020,0x00000000d6300000)
  to   space 2560K, 0% used [0x00000000d6500000,0x00000000d6500000,0x00000000d6780000)
 ParOldGen       total 122880K, used 122606K [0x0000000080000000, 0x0000000087800000, 0x00000000d5580000)
  object space 122880K, 99% used [0x0000000080000000,0x00000000877bb990,0x0000000087800000)
 Metaspace       used 62432K, committed 63872K, reserved 1114112K
  class space    used 6678K, committed 7296K, reserved 1048576K
}

