# JRE version: OpenJDK Runtime Environment Temurin-21.0.11+10 (21.0.11+10) (build 21.0.11+10-LTS)
# Java VM: OpenJDK 64-Bit Server VM Temurin-21.0.11+10 (21.0.11+10-LTS, mixed mode, sharing, tiered, compressed oops, compressed class ptrs, parallel gc, windows-amd64)
GC Precious Log:
 CardTable entry size: 512
 CPUs: 12 total, 12 available
 Memory: 15773M
 Large Page Support: Disabled
 NUMA Support: Disabled
 Compressed Oops: Enabled (32-bit)
 Alignments: Space 512K, Generation 512K, Heap 2M
 Heap Min Capacity: 100M
 Heap Initial Capacity: 100M
 Heap Max Capacity: 2G
 Pre-touch: Disabled
 Parallel Workers: 10
Heap:
 PSYoungGen      total 23040K, used 18249K [0x00000000d5580000, 0x00000000d6f80000, 0x0000000100000000)
  eden space 22016K, 79% used [0x00000000d5580000,0x00000000d6682420,0x00000000d6b00000)
  from space 1024K, 81% used [0x00000000d6e80000,0x00000000d6f50000,0x00000000d6f80000)
  to   space 1536K, 0% used [0x00000000d6c80000,0x00000000d6c80000,0x00000000d6e00000)
 ParOldGen       total 68608K, used 21745K [0x0000000080000000, 0x0000000084300000, 0x00000000d5580000)
  object space 68608K, 31% used [0x0000000080000000,0x000000008153c460,0x0000000084300000)
 Metaspace       used 41876K, committed 43072K, reserved 1114112K
  class space    used 4518K, committed 4992K, reserved 1048576K
GC Heap History (20 events):
Event: 40.121 GC heap before
{Heap before GC invocations=9 (full 1):
 PSYoungGen      total 29696K, used 24568K [0x00000000d5580000, 0x00000000d7780000, 0x0000000100000000)
  eden space 24576K, 99% used [0x00000000d5580000,0x00000000d6d7e070,0x00000000d6d80000)
  from space 5120K, 0% used [0x00000000d6e80000,0x00000000d6e80000,0x00000000d7380000)
  to   space 4096K, 0% used [0x00000000d7380000,0x00000000d7380000,0x00000000d7780000)
 ParOldGen       total 68608K, used 13869K [0x0000000080000000, 0x0000000084300000, 0x00000000d5580000)
  object space 68608K, 20% used [0x0000000080000000,0x0000000080d8b590,0x0000000084300000)
 Metaspace       used 22867K, committed 23744K, reserved 1114112K
  class space    used 2360K, committed 2752K, reserved 1048576K
}
Event: 40.122 GC heap after
{Heap after GC invocations=9 (full 1):
 PSYoungGen      total 25600K, used 1368K [0x00000000d5580000, 0x00000000d7500000, 0x0000000100000000)
  eden space 24064K, 0% used [0x00000000d5580000,0x00000000d5580000,0x00000000d6d00000)
  from space 1536K, 89% used [0x00000000d7380000,0x00000000d74d6190,0x00000000d7500000)
  to   space 3072K, 0% used [0x00000000d6f00000,0x00000000d6f00000,0x00000000d7200000)
 ParOldGen       total 68608K, used 13869K [0x0000000080000000, 0x0000000084300000, 0x00000000d5580000)
  object space 68608K, 20% used [0x0000000080000000,0x0000000080d8b590,0x0000000084300000)
 Metaspace       used 22867K, committed 23744K, reserved 1114112K
  class space    used 2360K, committed 2752K, reserved 1048576K
}
Event: 40.485 GC heap before
{Heap before GC invocations=10 (full 1):
 PSYoungGen      total 25600K, used 24796K [0x00000000d5580000, 0x00000000d7500000, 0x0000000100000000)
  eden space 24064K, 97% used [0x00000000d5580000,0x00000000d6c611e8,0x00000000d6d00000)
  from space 1536K, 89% used [0x00000000d7380000,0x00000000d74d6190,0x00000000d7500000)
  to   space 3072K, 0% used [0x00000000d6f00000,0x00000000d6f00000,0x00000000d7200000)
 ParOldGen       total 68608K, used 13869K [0x0000000080000000, 0x0000000084300000, 0x00000000d5580000)
  object space 68608K, 20% used [0x0000000080000000,0x0000000080d8b590,0x0000000084300000)
 Metaspace       used 26588K, committed 27456K, reserved 1114112K
  class space    used 2636K, committed 3008K, reserved 1048576K
}
Event: 40.488 GC heap after
{Heap after GC invocations=10 (full 1):
 PSYoungGen      total 26624K, used 1026K [0x00000000d5580000, 0x00000000d7400000, 0x0000000100000000)
  eden space 23552K, 0% used [0x00000000d5580000,0x00000000d5580000,0x00000000d6c80000)
  from space 3072K, 33% used [0x00000000d6f00000,0x00000000d7000a38,0x00000000d7200000)
  to   space 1536K, 0% used [0x00000000d7280000,0x00000000d7280000,0x00000000d7400000)
 ParOldGen       total 68608K, used 13869K [0x0000000080000000, 0x0000000084300000, 0x00000000d5580000)
  object space 68608K, 20% used [0x0000000080000000,0x0000000080d8b590,0x0000000084300000)
 Metaspace       used 26588K, committed 27456K, reserved 1114112K
  class space    used 2636K, committed 3008K, reserved 1048576K
}
Event: 40.897 GC heap before
{Heap before GC invocations=11 (full 1):
 PSYoungGen      total 26624K, used 24578K [0x00000000d5580000, 0x00000000d7400000, 0x0000000100000000)
  eden space 23552K, 100% used [0x00000000d5580000,0x00000000d6c80000,0x00000000d6c80000)
  from space 3072K, 33% used [0x00000000d6f00000,0x00000000d7000a38,0x00000000d7200000)
  to   space 1536K, 0% used [0x00000000d7280000,0x00000000d7280000,0x00000000d7400000)
 ParOldGen       total 68608K, used 13869K [0x0000000080000000, 0x0000000084300000, 0x00000000d5580000)
  object space 68608K, 20% used [0x0000000080000000,0x0000000080d8b590,0x0000000084300000)
 Metaspace       used 27990K, committed 28928K, reserved 1114112K
  class space    used 2745K, committed 3136K, reserved 1048576K
}
Event: 40.901 GC heap after
{Heap after GC invocations=11 (full 1):
 PSYoungGen      total 24576K, used 1533K [0x00000000d5580000, 0x00000000d7400000, 0x0000000100000000)
  eden space 23040K, 0% used [0x00000000d5580000,0x00000000d5580000,0x00000000d6c00000)
  from space 1536K, 99% used [0x00000000d7280000,0x00000000d73ff658,0x00000000d7400000)
  to   space 3584K, 0% used [0x00000000d6d00000,0x00000000d6d00000,0x00000000d7080000)
 ParOldGen       total 68608K, used 15494K [0x0000000080000000, 0x0000000084300000, 0x00000000d5580000)
  object space 68608K, 22% used [0x0000000080000000,0x0000000080f21898,0x0000000084300000)
 Metaspace       used 27990K, committed 28928K, reserved 1114112K
  class space    used 2745K, committed 3136K, reserved 1048576K
}
Event: 41.578 GC heap before
{Heap before GC invocations=12 (full 1):
 PSYoungGen      total 24576K, used 24573K [0x00000000d5580000, 0x00000000d7400000, 0x0000000100000000)
  eden space 23040K, 100% used [0x00000000d5580000,0x00000000d6c00000,0x00000000d6c00000)
  from space 1536K, 99% used [0x00000000d7280000,0x00000000d73ff658,0x00000000d7400000)
  to   space 3584K, 0% used [0x00000000d6d00000,0x00000000d6d00000,0x00000000d7080000)
 ParOldGen       total 68608K, used 15494K [0x0000000080000000, 0x0000000084300000, 0x00000000d5580000)
  object space 68608K, 22% used [0x0000000080000000,0x0000000080f21898,0x0000000084300000)
 Metaspace       used 31574K, committed 32640K, reserved 1114112K
  class space    used 3202K, committed 3648K, reserved 1048576K
}
Event: 41.581 GC heap after
{Heap after GC invocations=12 (full 1):
 PSYoungGen      total 26112K, used 1316K [0x00000000d5580000, 0x00000000d7300000, 0x0000000100000000)
  eden space 22528K, 0% used [0x00000000d5580000,0x00000000d5580000,0x00000000d6b80000)
  from space 3584K, 36% used [0x00000000d6d00000,0x00000000d6e49350,0x00000000d7080000)
  to   space 2048K, 0% used [0x00000000d7100000,0x00000000d7100000,0x00000000d7300000)
 ParOldGen       total 68608K, used 16910K [0x0000000080000000, 0x0000000084300000, 0x00000000d5580000)
  object space 68608K, 24% used [0x0000000080000000,0x0000000081083830,0x0000000084300000)
 Metaspace       used 31574K, committed 32640K, reserved 1114112K
  class space    used 3202K, committed 3648K, reserved 1048576K
}
Event: 41.965 GC heap before
{Heap before GC invocations=13 (full 1):
 PSYoungGen      total 26112K, used 23844K [0x00000000d5580000, 0x00000000d7300000, 0x0000000100000000)
  eden space 22528K, 100% used [0x00000000d5580000,0x00000000d6b80000,0x00000000d6b80000)
  from space 3584K, 36% used [0x00000000d6d00000,0x00000000d6e49350,0x00000000d7080000)
  to   space 2048K, 0% used [0x00000000d7100000,0x00000000d7100000,0x00000000d7300000)
 ParOldGen       total 68608K, used 16910K [0x0000000080000000, 0x0000000084300000, 0x00000000d5580000)
  object space 68608K, 24% used [0x0000000080000000,0x0000000081083830,0x0000000084300000)
 Metaspace       used 33700K, committed 34944K, reserved 1114112K
  class space    used 3491K, committed 3968K, reserved 1048576K
}
Event: 41.969 GC heap after
{Heap after GC invocations=13 (full 1):
 PSYoungGen      total 24064K, used 1878K [0x00000000d5580000, 0x00000000d7300000, 0x0000000100000000)
  eden space 22016K, 0% used [0x00000000d5580000,0x00000000d5580000,0x00000000d6b00000)
  from space 2048K, 91% used [0x00000000d7100000,0x00000000d72d5b70,0x00000000d7300000)
  to   space 2048K, 0% used [0x00000000d6f00000,0x00000000d6f00000,0x00000000d7100000)
 ParOldGen       total 68608K, used 18006K [0x0000000080000000, 0x0000000084300000, 0x00000000d5580000)
  object space 68608K, 26% used [0x0000000080000000,0x0000000081195bb0,0x0000000084300000)
 Metaspace       used 33700K, committed 34944K, reserved 1114112K
  class space    used 3491K, committed 3968K, reserved 1048576K
}
Event: 42.074 GC heap before
{Heap before GC invocations=14 (full 1):
 PSYoungGen      total 24064K, used 10292K [0x00000000d5580000, 0x00000000d7300000, 0x0000000100000000)
  eden space 22016K, 38% used [0x00000000d5580000,0x00000000d5db74a0,0x00000000d6b00000)
  from space 2048K, 91% used [0x00000000d7100000,0x00000000d72d5b70,0x00000000d7300000)
  to   space 2048K, 0% used [0x00000000d6f00000,0x00000000d6f00000,0x00000000d7100000)
 ParOldGen       total 68608K, used 18006K [0x0000000080000000, 0x0000000084300000, 0x00000000d5580000)
  object space 68608K, 26% used [0x0000000080000000,0x0000000081195bb0,0x0000000084300000)
 Metaspace       used 34629K, committed 35840K, reserved 1114112K
  class space    used 3596K, committed 4096K, reserved 1048576K
}
Event: 42.077 GC heap after
{Heap after GC invocations=14 (full 1):
 PSYoungGen      total 23040K, used 729K [0x00000000d5580000, 0x00000000d7180000, 0x0000000100000000)
  eden space 22016K, 0% used [0x00000000d5580000,0x00000000d5580000,0x00000000d6b00000)
  from space 1024K, 71% used [0x00000000d6f00000,0x00000000d6fb64c0,0x00000000d7000000)
  to   space 1536K, 0% used [0x00000000d7000000,0x00000000d7000000,0x00000000d7180000)
 ParOldGen       total 68608K, used 19296K [0x0000000080000000, 0x0000000084300000, 0x00000000d5580000)
  object space 68608K, 28% used [0x0000000080000000,0x00000000812d8340,0x0000000084300000)
 Metaspace       used 34629K, committed 35840K, reserved 1114112K
  class space    used 3596K, committed 4096K, reserved 1048576K
}
Event: 42.077 GC heap before
{Heap before GC invocations=15 (full 2):
 PSYoungGen      total 23040K, used 729K [0x00000000d5580000, 0x00000000d7180000, 0x0000000100000000)
  eden space 22016K, 0% used [0x00000000d5580000,0x00000000d5580000,0x00000000d6b00000)
  from space 1024K, 71% used [0x00000000d6f00000,0x00000000d6fb64c0,0x00000000d7000000)
  to   space 1536K, 0% used [0x00000000d7000000,0x00000000d7000000,0x00000000d7180000)
 ParOldGen       total 68608K, used 19296K [0x0000000080000000, 0x0000000084300000, 0x00000000d5580000)
  object space 68608K, 28% used [0x0000000080000000,0x00000000812d8340,0x0000000084300000)
 Metaspace       used 34629K, committed 35840K, reserved 1114112K
  class space    used 3596K, committed 4096K, reserved 1048576K
}
Event: 42.144 GC heap after
{Heap after GC invocations=15 (full 2):
 PSYoungGen      total 23040K, used 0K [0x00000000d5580000, 0x00000000d7180000, 0x0000000100000000)
  eden space 22016K, 0% used [0x00000000d5580000,0x00000000d5580000,0x00000000d6b00000)
  from space 1024K, 0% used [0x00000000d6f00000,0x00000000d6f00000,0x00000000d7000000)
  to   space 1536K, 0% used [0x00000000d7000000,0x00000000d7000000,0x00000000d7180000)
 ParOldGen       total 68608K, used 18934K [0x0000000080000000, 0x0000000084300000, 0x00000000d5580000)
  object space 68608K, 27% used [0x0000000080000000,0x000000008127db28,0x0000000084300000)
 Metaspace       used 34606K, committed 35840K, reserved 1114112K
  class space    used 3589K, committed 4096K, reserved 1048576K
}
Event: 42.743 GC heap before
{Heap before GC invocations=16 (full 2):
 PSYoungGen      total 23040K, used 22016K [0x00000000d5580000, 0x00000000d7180000, 0x0000000100000000)
  eden space 22016K, 100% used [0x00000000d5580000,0x00000000d6b00000,0x00000000d6b00000)
  from space 1024K, 0% used [0x00000000d6f00000,0x00000000d6f00000,0x00000000d7000000)
  to   space 1536K, 0% used [0x00000000d7000000,0x00000000d7000000,0x00000000d7180000)
 ParOldGen       total 68608K, used 18934K [0x0000000080000000, 0x0000000084300000, 0x00000000d5580000)
  object space 68608K, 27% used [0x0000000080000000,0x000000008127db28,0x0000000084300000)
 Metaspace       used 36546K, committed 37760K, reserved 1114112K
  class space    used 3850K, committed 4352K, reserved 1048576K
}
Event: 42.746 GC heap after
{Heap after GC invocations=16 (full 2):
 PSYoungGen      total 23552K, used 1536K [0x00000000d5580000, 0x00000000d7180000, 0x0000000100000000)
  eden space 22016K, 0% used [0x00000000d5580000,0x00000000d5580000,0x00000000d6b00000)
  from space 1536K, 100% used [0x00000000d7000000,0x00000000d7180000,0x00000000d7180000)
  to   space 2560K, 0% used [0x00000000d6c80000,0x00000000d6c80000,0x00000000d6f00000)
 ParOldGen       total 68608K, used 19518K [0x0000000080000000, 0x0000000084300000, 0x00000000d5580000)
  object space 68608K, 28% used [0x0000000080000000,0x000000008130fb28,0x0000000084300000)
 Metaspace       used 36546K, committed 37760K, reserved 1114112K
  class space    used 3850K, committed 4352K, reserved 1048576K
}
Event: 43.165 GC heap before
{Heap before GC invocations=17 (full 2):
 PSYoungGen      total 23552K, used 23552K [0x00000000d5580000, 0x00000000d7180000, 0x0000000100000000)
  eden space 22016K, 100% used [0x00000000d5580000,0x00000000d6b00000,0x00000000d6b00000)
  from space 1536K, 100% used [0x00000000d7000000,0x00000000d7180000,0x00000000d7180000)
  to   space 2560K, 0% used [0x00000000d6c80000,0x00000000d6c80000,0x00000000d6f00000)
 ParOldGen       total 68608K, used 19529K [0x0000000080000000, 0x0000000084300000, 0x00000000d5580000)
  object space 68608K, 28% used [0x0000000080000000,0x0000000081312570,0x0000000084300000)
 Metaspace       used 38485K, committed 39680K, reserved 1114112K
  class space    used 4096K, committed 4544K, reserved 1048576K
}
Event: 43.172 GC heap after
{Heap after GC invocations=17 (full 2):
 PSYoungGen      total 23552K, used 1248K [0x00000000d5580000, 0x00000000d7080000, 0x0000000100000000)
  eden space 22016K, 0% used [0x00000000d5580000,0x00000000d5580000,0x00000000d6b00000)
  from space 1536K, 81% used [0x00000000d6c80000,0x00000000d6db8000,0x00000000d6e00000)
  to   space 2048K, 0% used [0x00000000d6e80000,0x00000000d6e80000,0x00000000d7080000)
 ParOldGen       total 68608K, used 20961K [0x0000000080000000, 0x0000000084300000, 0x00000000d5580000)
  object space 68608K, 30% used [0x0000000080000000,0x0000000081478570,0x0000000084300000)
 Metaspace       used 38485K, committed 39680K, reserved 1114112K
  class space    used 4096K, committed 4544K, reserved 1048576K
}
Event: 43.974 GC heap before
{Heap before GC invocations=18 (full 2):
 PSYoungGen      total 23552K, used 23264K [0x00000000d5580000, 0x00000000d7080000, 0x0000000100000000)
  eden space 22016K, 100% used [0x00000000d5580000,0x00000000d6b00000,0x00000000d6b00000)
  from space 1536K, 81% used [0x00000000d6c80000,0x00000000d6db8000,0x00000000d6e00000)
  to   space 2048K, 0% used [0x00000000d6e80000,0x00000000d6e80000,0x00000000d7080000)
 ParOldGen       total 68608K, used 20964K [0x0000000080000000, 0x0000000084300000, 0x00000000d5580000)
  object space 68608K, 30% used [0x0000000080000000,0x00000000814790f8,0x0000000084300000)
 Metaspace       used 39938K, committed 41088K, reserved 1114112K
  class space    used 4274K, committed 4736K, reserved 1048576K
}
Event: 43.978 GC heap after
{Heap after GC invocations=18 (full 2):
 PSYoungGen      total 23040K, used 832K [0x00000000d5580000, 0x00000000d6f80000, 0x0000000100000000)
  eden space 22016K, 0% used [0x00000000d5580000,0x00000000d5580000,0x00000000d6b00000)
  from space 1024K, 81% used [0x00000000d6e80000,0x00000000d6f50000,0x00000000d6f80000)
  to   space 1536K, 0% used [0x00000000d6c80000,0x00000000d6c80000,0x00000000d6e00000)
 ParOldGen       total 68608K, used 21745K [0x0000000080000000, 0x0000000084300000, 0x00000000d5580000)
  object space 68608K, 31% used [0x0000000080000000,0x000000008153c460,0x0000000084300000)
 Metaspace       used 39938K, committed 41088K, reserved 1114112K
  class space    used 4274K, committed 4736K, reserved 1048576K
}

