# JRE version: OpenJDK Runtime Environment Temurin-21.0.11+10 (21.0.11+10) (build 21.0.11+10-LTS)
# Java VM: OpenJDK 64-Bit Server VM Temurin-21.0.11+10 (21.0.11+10-LTS, mixed mode, sharing, tiered, compressed oops, compressed class ptrs, parallel gc, windows-amd64)
GC Precious Log:
 CardTable entry size: 512
 CPUs: 12 total, 12 available
 Memory: 15773M
 Large Page Support: Disabled
 NUMA Support: Disabled
 Compressed Oops: Enabled (32-bit)
 Alignments: Space 512K, Generation 512K, Heap 2M
 Heap Min Capacity: 100M
 Heap Initial Capacity: 100M
 Heap Max Capacity: 2G
 Pre-touch: Disabled
 Parallel Workers: 10
Heap:
 PSYoungGen      total 28160K, used 14829K [0x00000000d5580000, 0x00000000d8500000, 0x0000000100000000)
  eden space 16896K, 21% used [0x00000000d5580000,0x00000000d58fb668,0x00000000d6600000)
  from space 11264K, 100% used [0x00000000d7a00000,0x00000000d8500000,0x00000000d8500000)
  to   space 13824K, 0% used [0x00000000d6a00000,0x00000000d6a00000,0x00000000d7780000)
 ParOldGen       total 137216K, used 136753K [0x0000000080000000, 0x0000000088600000, 0x00000000d5580000)
  object space 137216K, 99% used [0x0000000080000000,0x000000008858c4e0,0x0000000088600000)
 Metaspace       used 64355K, committed 65792K, reserved 1114112K
  class space    used 6851K, committed 7488K, reserved 1048576K
GC Heap History (20 events):
Event: 62.921 GC heap before
{Heap before GC invocations=38 (full 3):
 PSYoungGen      total 20480K, used 20457K [0x00000000d5580000, 0x00000000d7600000, 0x0000000100000000)
  eden space 18944K, 100% used [0x00000000d5580000,0x00000000d6800000,0x00000000d6800000)
  from space 1536K, 98% used [0x00000000d6d80000,0x00000000d6efa520,0x00000000d6f00000)
  to   space 5632K, 0% used [0x00000000d6800000,0x00000000d6800000,0x00000000d6d80000)
 ParOldGen       total 68608K, used 45443K [0x0000000080000000, 0x0000000084300000, 0x00000000d5580000)
  object space 68608K, 66% used [0x0000000080000000,0x0000000082c60d68,0x0000000084300000)
 Metaspace       used 61209K, committed 62592K, reserved 1114112K
  class space    used 6557K, committed 7168K, reserved 1048576K
}
Event: 62.925 GC heap after
{Heap after GC invocations=38 (full 3):
 PSYoungGen      total 21504K, used 2299K [0x00000000d5580000, 0x00000000d6f00000, 0x0000000100000000)
  eden space 18944K, 0% used [0x00000000d5580000,0x00000000d5580000,0x00000000d6800000)
  from space 2560K, 89% used [0x00000000d6800000,0x00000000d6a3edd0,0x00000000d6a80000)
  to   space 3584K, 0% used [0x00000000d6b80000,0x00000000d6b80000,0x00000000d6f00000)
 ParOldGen       total 68608K, used 46758K [0x0000000080000000, 0x0000000084300000, 0x00000000d5580000)
  object space 68608K, 68% used [0x0000000080000000,0x0000000082da9a80,0x0000000084300000)
 Metaspace       used 61209K, committed 62592K, reserved 1114112K
  class space    used 6557K, committed 7168K, reserved 1048576K
}
Event: 63.221 GC heap before
{Heap before GC invocations=39 (full 3):
 PSYoungGen      total 21504K, used 21243K [0x00000000d5580000, 0x00000000d6f00000, 0x0000000100000000)
  eden space 18944K, 100% used [0x00000000d5580000,0x00000000d6800000,0x00000000d6800000)
  from space 2560K, 89% used [0x00000000d6800000,0x00000000d6a3edd0,0x00000000d6a80000)
  to   space 3584K, 0% used [0x00000000d6b80000,0x00000000d6b80000,0x00000000d6f00000)
 ParOldGen       total 68608K, used 46758K [0x0000000080000000, 0x0000000084300000, 0x00000000d5580000)
  object space 68608K, 68% used [0x0000000080000000,0x0000000082da9a80,0x0000000084300000)
 Metaspace       used 62298K, committed 63680K, reserved 1114112K
  class space    used 6667K, committed 7296K, reserved 1048576K
}
Event: 63.224 GC heap after
{Heap after GC invocations=39 (full 3):
 PSYoungGen      total 22528K, used 3137K [0x00000000d5580000, 0x00000000d6f00000, 0x0000000100000000)
  eden space 18944K, 0% used [0x00000000d5580000,0x00000000d5580000,0x00000000d6800000)
  from space 3584K, 87% used [0x00000000d6b80000,0x00000000d6e904f8,0x00000000d6f00000)
  to   space 3584K, 0% used [0x00000000d6800000,0x00000000d6800000,0x00000000d6b80000)
 ParOldGen       total 68608K, used 48251K [0x0000000080000000, 0x0000000084300000, 0x00000000d5580000)
  object space 68608K, 70% used [0x0000000080000000,0x0000000082f1edc0,0x0000000084300000)
 Metaspace       used 62298K, committed 63680K, reserved 1114112K
  class space    used 6667K, committed 7296K, reserved 1048576K
}
Event: 63.336 GC heap before
{Heap before GC invocations=40 (full 3):
 PSYoungGen      total 22528K, used 17670K [0x00000000d5580000, 0x00000000d6f00000, 0x0000000100000000)
  eden space 18944K, 76% used [0x00000000d5580000,0x00000000d63b1410,0x00000000d6800000)
  from space 3584K, 87% used [0x00000000d6b80000,0x00000000d6e904f8,0x00000000d6f00000)
  to   space 3584K, 0% used [0x00000000d6800000,0x00000000d6800000,0x00000000d6b80000)
 ParOldGen       total 68608K, used 48251K [0x0000000080000000, 0x0000000084300000, 0x00000000d5580000)
  object space 68608K, 70% used [0x0000000080000000,0x0000000082f1edc0,0x0000000084300000)
 Metaspace       used 62736K, committed 64064K, reserved 1114112K
  class space    used 6701K, committed 7296K, reserved 1048576K
}
Event: 63.341 GC heap after
{Heap after GC invocations=40 (full 3):
 PSYoungGen      total 21504K, used 2070K [0x00000000d5580000, 0x00000000d6d00000, 0x0000000100000000)
  eden space 18944K, 0% used [0x00000000d5580000,0x00000000d5580000,0x00000000d6800000)
  from space 2560K, 80% used [0x00000000d6800000,0x00000000d6a05858,0x00000000d6a80000)
  to   space 2560K, 0% used [0x00000000d6a80000,0x00000000d6a80000,0x00000000d6d00000)
 ParOldGen       total 68608K, used 57529K [0x0000000080000000, 0x0000000084300000, 0x00000000d5580000)
  object space 68608K, 83% used [0x0000000080000000,0x000000008382e5e0,0x0000000084300000)
 Metaspace       used 62736K, committed 64064K, reserved 1114112K
  class space    used 6701K, committed 7296K, reserved 1048576K
}
Event: 67.467 GC heap before
{Heap before GC invocations=41 (full 3):
 PSYoungGen      total 21504K, used 14801K [0x00000000d5580000, 0x00000000d6d00000, 0x0000000100000000)
  eden space 18944K, 67% used [0x00000000d5580000,0x00000000d61eee60,0x00000000d6800000)
  from space 2560K, 80% used [0x00000000d6800000,0x00000000d6a05858,0x00000000d6a80000)
  to   space 2560K, 0% used [0x00000000d6a80000,0x00000000d6a80000,0x00000000d6d00000)
 ParOldGen       total 68608K, used 57529K [0x0000000080000000, 0x0000000084300000, 0x00000000d5580000)
  object space 68608K, 83% used [0x0000000080000000,0x000000008382e5e0,0x0000000084300000)
 Metaspace       used 63065K, committed 64512K, reserved 1114112K
  class space    used 6730K, committed 7360K, reserved 1048576K
}
Event: 71.493 GC heap after
{Heap after GC invocations=41 (full 3):
 PSYoungGen      total 19968K, used 640K [0x00000000d5580000, 0x00000000d6b80000, 0x0000000100000000)
  eden space 18944K, 0% used [0x00000000d5580000,0x00000000d5580000,0x00000000d6800000)
  from space 1024K, 62% used [0x00000000d6a80000,0x00000000d6b20000,0x00000000d6b80000)
  to   space 1536K, 0% used [0x00000000d6880000,0x00000000d6880000,0x00000000d6a00000)
 ParOldGen       total 68608K, used 66799K [0x0000000080000000, 0x0000000084300000, 0x00000000d5580000)
  object space 68608K, 97% used [0x0000000080000000,0x000000008413bd80,0x0000000084300000)
 Metaspace       used 63065K, committed 64512K, reserved 1114112K
  class space    used 6730K, committed 7360K, reserved 1048576K
}
Event: 75.568 GC heap before
{Heap before GC invocations=42 (full 3):
 PSYoungGen      total 19968K, used 19584K [0x00000000d5580000, 0x00000000d6b80000, 0x0000000100000000)
  eden space 18944K, 100% used [0x00000000d5580000,0x00000000d6800000,0x00000000d6800000)
  from space 1024K, 62% used [0x00000000d6a80000,0x00000000d6b20000,0x00000000d6b80000)
  to   space 1536K, 0% used [0x00000000d6880000,0x00000000d6880000,0x00000000d6a00000)
 ParOldGen       total 68608K, used 66799K [0x0000000080000000, 0x0000000084300000, 0x00000000d5580000)
  object space 68608K, 97% used [0x0000000080000000,0x000000008413bd80,0x0000000084300000)
 Metaspace       used 63223K, committed 64640K, reserved 1114112K
  class space    used 6749K, committed 7360K, reserved 1048576K
}
Event: 76.174 GC heap after
{Heap after GC invocations=42 (full 3):
 PSYoungGen      total 20480K, used 448K [0x00000000d5580000, 0x00000000d6b00000, 0x0000000100000000)
  eden space 18944K, 0% used [0x00000000d5580000,0x00000000d5580000,0x00000000d6800000)
  from space 1536K, 29% used [0x00000000d6880000,0x00000000d68f0000,0x00000000d6a00000)
  to   space 1024K, 0% used [0x00000000d6a00000,0x00000000d6a00000,0x00000000d6b00000)
 ParOldGen       total 99328K, used 97815K [0x0000000080000000, 0x0000000086100000, 0x00000000d5580000)
  object space 99328K, 98% used [0x0000000080000000,0x0000000085f85da0,0x0000000086100000)
 Metaspace       used 63223K, committed 64640K, reserved 1114112K
  class space    used 6749K, committed 7360K, reserved 1048576K
}
Event: 76.240 GC heap before
{Heap before GC invocations=43 (full 3):
 PSYoungGen      total 20480K, used 19392K [0x00000000d5580000, 0x00000000d6b00000, 0x0000000100000000)
  eden space 18944K, 100% used [0x00000000d5580000,0x00000000d6800000,0x00000000d6800000)
  from space 1536K, 29% used [0x00000000d6880000,0x00000000d68f0000,0x00000000d6a00000)
  to   space 1024K, 0% used [0x00000000d6a00000,0x00000000d6a00000,0x00000000d6b00000)
 ParOldGen       total 110592K, used 108824K [0x0000000080000000, 0x0000000086c00000, 0x00000000d5580000)
  object space 110592K, 98% used [0x0000000080000000,0x0000000086a46340,0x0000000086c00000)
 Metaspace       used 63461K, committed 64896K, reserved 1114112K
  class space    used 6785K, committed 7424K, reserved 1048576K
}
Event: 76.244 GC heap after
{Heap after GC invocations=43 (full 3):
 PSYoungGen      total 17920K, used 1005K [0x00000000d5580000, 0x00000000d7000000, 0x0000000100000000)
  eden space 16896K, 0% used [0x00000000d5580000,0x00000000d5580000,0x00000000d6600000)
  from space 1024K, 98% used [0x00000000d6a00000,0x00000000d6afb7c0,0x00000000d6b00000)
  to   space 4096K, 0% used [0x00000000d6600000,0x00000000d6600000,0x00000000d6a00000)
 ParOldGen       total 111616K, used 111236K [0x0000000080000000, 0x0000000086d00000, 0x00000000d5580000)
  object space 111616K, 99% used [0x0000000080000000,0x0000000086ca12b8,0x0000000086d00000)
 Metaspace       used 63461K, committed 64896K, reserved 1114112K
  class space    used 6785K, committed 7424K, reserved 1048576K
}
Event: 76.332 GC heap before
{Heap before GC invocations=44 (full 3):
 PSYoungGen      total 17920K, used 17898K [0x00000000d5580000, 0x00000000d7000000, 0x0000000100000000)
  eden space 16896K, 99% used [0x00000000d5580000,0x00000000d65ff308,0x00000000d6600000)
  from space 1024K, 98% used [0x00000000d6a00000,0x00000000d6afb7c0,0x00000000d6b00000)
  to   space 4096K, 0% used [0x00000000d6600000,0x00000000d6600000,0x00000000d6a00000)
 ParOldGen       total 111616K, used 111236K [0x0000000080000000, 0x0000000086d00000, 0x00000000d5580000)
  object space 111616K, 99% used [0x0000000080000000,0x0000000086ca12b8,0x0000000086d00000)
 Metaspace       used 63721K, committed 65152K, reserved 1114112K
  class space    used 6809K, committed 7424K, reserved 1048576K
}
Event: 76.338 GC heap after
{Heap after GC invocations=44 (full 3):
 PSYoungGen      total 20992K, used 4071K [0x00000000d5580000, 0x00000000d7600000, 0x0000000100000000)
  eden space 16896K, 0% used [0x00000000d5580000,0x00000000d5580000,0x00000000d6600000)
  from space 4096K, 99% used [0x00000000d6600000,0x00000000d69f9f00,0x00000000d6a00000)
  to   space 8192K, 0% used [0x00000000d6e00000,0x00000000d6e00000,0x00000000d7600000)
 ParOldGen       total 114688K, used 114300K [0x0000000080000000, 0x0000000087000000, 0x00000000d5580000)
  object space 114688K, 99% used [0x0000000080000000,0x0000000086f9f2b8,0x0000000087000000)
 Metaspace       used 63721K, committed 65152K, reserved 1114112K
  class space    used 6809K, committed 7424K, reserved 1048576K
}
Event: 76.439 GC heap before
{Heap before GC invocations=45 (full 3):
 PSYoungGen      total 20992K, used 20967K [0x00000000d5580000, 0x00000000d7600000, 0x0000000100000000)
  eden space 16896K, 100% used [0x00000000d5580000,0x00000000d6600000,0x00000000d6600000)
  from space 4096K, 99% used [0x00000000d6600000,0x00000000d69f9f00,0x00000000d6a00000)
  to   space 8192K, 0% used [0x00000000d6e00000,0x00000000d6e00000,0x00000000d7600000)
 ParOldGen       total 114688K, used 114300K [0x0000000080000000, 0x0000000087000000, 0x00000000d5580000)
  object space 114688K, 99% used [0x0000000080000000,0x0000000086f9f2b8,0x0000000087000000)
 Metaspace       used 64130K, committed 65600K, reserved 1114112K
  class space    used 6842K, committed 7488K, reserved 1048576K
}
Event: 76.448 GC heap after
{Heap after GC invocations=45 (full 3):
 PSYoungGen      total 25088K, used 7744K [0x00000000d5580000, 0x00000000d7600000, 0x0000000100000000)
  eden space 16896K, 0% used [0x00000000d5580000,0x00000000d5580000,0x00000000d6600000)
  from space 8192K, 94% used [0x00000000d6e00000,0x00000000d7590000,0x00000000d7600000)
  to   space 8192K, 0% used [0x00000000d6600000,0x00000000d6600000,0x00000000d6e00000)
 ParOldGen       total 118784K, used 118332K [0x0000000080000000, 0x0000000087400000, 0x00000000d5580000)
  object space 118784K, 99% used [0x0000000080000000,0x000000008738f1b8,0x0000000087400000)
 Metaspace       used 64130K, committed 65600K, reserved 1114112K
  class space    used 6842K, committed 7488K, reserved 1048576K
}
Event: 76.521 GC heap before
{Heap before GC invocations=46 (full 3):
 PSYoungGen      total 25088K, used 24640K [0x00000000d5580000, 0x00000000d7600000, 0x0000000100000000)
  eden space 16896K, 100% used [0x00000000d5580000,0x00000000d6600000,0x00000000d6600000)
  from space 8192K, 94% used [0x00000000d6e00000,0x00000000d7590000,0x00000000d7600000)
  to   space 8192K, 0% used [0x00000000d6600000,0x00000000d6600000,0x00000000d6e00000)
 ParOldGen       total 118784K, used 118332K [0x0000000080000000, 0x0000000087400000, 0x00000000d5580000)
  object space 118784K, 99% used [0x0000000080000000,0x000000008738f1b8,0x0000000087400000)
 Metaspace       used 64210K, committed 65664K, reserved 1114112K
  class space    used 6843K, committed 7488K, reserved 1048576K
}
Event: 76.535 GC heap after
{Heap after GC invocations=46 (full 3):
 PSYoungGen      total 25088K, used 8192K [0x00000000d5580000, 0x00000000d8e00000, 0x0000000100000000)
  eden space 16896K, 0% used [0x00000000d5580000,0x00000000d5580000,0x00000000d6600000)
  from space 8192K, 100% used [0x00000000d6600000,0x00000000d6e00000,0x00000000d6e00000)
  to   space 20480K, 0% used [0x00000000d7a00000,0x00000000d7a00000,0x00000000d8e00000)
 ParOldGen       total 129024K, used 128537K [0x0000000080000000, 0x0000000087e00000, 0x00000000d5580000)
  object space 129024K, 99% used [0x0000000080000000,0x0000000087d864e0,0x0000000087e00000)
 Metaspace       used 64210K, committed 65664K, reserved 1114112K
  class space    used 6843K, committed 7488K, reserved 1048576K
}
Event: 76.601 GC heap before
{Heap before GC invocations=47 (full 3):
 PSYoungGen      total 25088K, used 25088K [0x00000000d5580000, 0x00000000d8e00000, 0x0000000100000000)
  eden space 16896K, 100% used [0x00000000d5580000,0x00000000d6600000,0x00000000d6600000)
  from space 8192K, 100% used [0x00000000d6600000,0x00000000d6e00000,0x00000000d6e00000)
  to   space 20480K, 0% used [0x00000000d7a00000,0x00000000d7a00000,0x00000000d8e00000)
 ParOldGen       total 129024K, used 128537K [0x0000000080000000, 0x0000000087e00000, 0x00000000d5580000)
  object space 129024K, 99% used [0x0000000080000000,0x0000000087d864e0,0x0000000087e00000)
 Metaspace       used 64273K, committed 65792K, reserved 1114112K
  class space    used 6843K, committed 7488K, reserved 1048576K
}
Event: 76.622 GC heap after
{Heap after GC invocations=47 (full 3):
 PSYoungGen      total 28160K, used 11264K [0x00000000d5580000, 0x00000000d8500000, 0x0000000100000000)
  eden space 16896K, 0% used [0x00000000d5580000,0x00000000d5580000,0x00000000d6600000)
  from space 11264K, 100% used [0x00000000d7a00000,0x00000000d8500000,0x00000000d8500000)
  to   space 13824K, 0% used [0x00000000d6a00000,0x00000000d6a00000,0x00000000d7780000)
 ParOldGen       total 137216K, used 136753K [0x0000000080000000, 0x0000000088600000, 0x00000000d5580000)
  object space 137216K, 99% used [0x0000000080000000,0x000000008858c4e0,0x0000000088600000)
 Metaspace       used 64273K, committed 65792K, reserved 1114112K
  class space    used 6843K, committed 7488K, reserved 1048576K
}

